# JRE version: OpenJDK Runtime Environment Temurin-21.0.8+9 (21.0.8+9) (build 21.0.8+9-LTS)
# Java VM: OpenJDK 64-Bit Server VM Temurin-21.0.8+9 (21.0.8+9-LTS, mixed mode, sharing, tiered, compressed oops, compressed class ptrs, parallel gc, windows-amd64)
GC Precious Log:
 CardTable entry size: 512
 CPUs: 12 total, 12 available
 Memory: 6005M
 Large Page Support: Disabled
 NUMA Support: Disabled
 Compressed Oops: Enabled (32-bit)
 Alignments: Space 512K, Generation 512K, Heap 2M
 Heap Min Capacity: 100M
 Heap Initial Capacity: 100M
 Heap Max Capacity: 2G
 Pre-touch: Disabled
 Parallel Workers: 10
Heap:
 PSYoungGen      total 5632K, used 3976K [0x00000000d5580000, 0x00000000d6580000, 0x0000000100000000)
  eden space 3072K, 46% used [0x00000000d5580000,0x00000000d56e6370,0x00000000d5880000)
  from space 2560K, 99% used [0x00000000d5880000,0x00000000d5afbd00,0x00000000d5b00000)
  to   space 6144K, 0% used [0x00000000d5f80000,0x00000000d5f80000,0x00000000d6580000)
 ParOldGen       total 1024512K, used 1024390K [0x0000000080000000, 0x00000000be880000, 0x00000000d5580000)
  object space 1024512K, 99% used [0x0000000080000000,0x00000000be861828,0x00000000be880000)
 Metaspace       used 81821K, committed 83584K, reserved 1179648K
  class space    used 8353K, committed 9216K, reserved 1048576K
GC Heap History (20 events):
Event: 13099.196 GC heap before
{Heap before GC invocations=1300 (full 4):
 PSYoungGen      total 1536K, used 1152K [0x00000000d5580000, 0x00000000d5980000, 0x0000000100000000)
  eden space 512K, 100% used [0x00000000d5580000,0x00000000d5600000,0x00000000d5600000)
  from space 1024K, 62% used [0x00000000d5600000,0x00000000d56a0000,0x00000000d5700000)
  to   space 1536K, 0% used [0x00000000d5800000,0x00000000d5800000,0x00000000d5980000)
 ParOldGen       total 1014272K, used 1014067K [0x0000000080000000, 0x00000000bde80000, 0x00000000d5580000)
  object space 1014272K, 99% used [0x0000000080000000,0x00000000bde4cc28,0x00000000bde80000)
 Metaspace       used 81816K, committed 83584K, reserved 1179648K
  class space    used 8353K, committed 9216K, reserved 1048576K
}
Event: 13099.199 GC heap after
{Heap after GC invocations=1300 (full 4):
 PSYoungGen      total 2048K, used 640K [0x00000000d5580000, 0x00000000d5900000, 0x0000000100000000)
  eden space 1024K, 0% used [0x00000000d5580000,0x00000000d5580000,0x00000000d5680000)
  from space 1024K, 62% used [0x00000000d5800000,0x00000000d58a0000,0x00000000d5900000)
  to   space 1024K, 0% used [0x00000000d5700000,0x00000000d5700000,0x00000000d5800000)
 ParOldGen       total 1014784K, used 1014579K [0x0000000080000000, 0x00000000bdf00000, 0x00000000d5580000)
  object space 1014784K, 99% used [0x0000000080000000,0x00000000bdeccc28,0x00000000bdf00000)
 Metaspace       used 81816K, committed 83584K, reserved 1179648K
  class space    used 8353K, committed 9216K, reserved 1048576K
}
Event: 13099.204 GC heap before
{Heap before GC invocations=1301 (full 4):
 PSYoungGen      total 2048K, used 1664K [0x00000000d5580000, 0x00000000d5900000, 0x0000000100000000)
  eden space 1024K, 100% used [0x00000000d5580000,0x00000000d5680000,0x00000000d5680000)
  from space 1024K, 62% used [0x00000000d5800000,0x00000000d58a0000,0x00000000d5900000)
  to   space 1024K, 0% used [0x00000000d5700000,0x00000000d5700000,0x00000000d5800000)
 ParOldGen       total 1014784K, used 1014579K [0x0000000080000000, 0x00000000bdf00000, 0x00000000d5580000)
  object space 1014784K, 99% used [0x0000000080000000,0x00000000bdeccc28,0x00000000bdf00000)
 Metaspace       used 81816K, committed 83584K, reserved 1179648K
  class space    used 8353K, committed 9216K, reserved 1048576K
}
Event: 13099.208 GC heap after
{Heap after GC invocations=1301 (full 4):
 PSYoungGen      total 2560K, used 928K [0x00000000d5580000, 0x00000000d5900000, 0x0000000100000000)
  eden space 1536K, 0% used [0x00000000d5580000,0x00000000d5580000,0x00000000d5700000)
  from space 1024K, 90% used [0x00000000d5700000,0x00000000d57e8000,0x00000000d5800000)
  to   space 1024K, 0% used [0x00000000d5800000,0x00000000d5800000,0x00000000d5900000)
 ParOldGen       total 1015296K, used 1015115K [0x0000000080000000, 0x00000000bdf80000, 0x00000000d5580000)
  object space 1015296K, 99% used [0x0000000080000000,0x00000000bdf52c28,0x00000000bdf80000)
 Metaspace       used 81816K, committed 83584K, reserved 1179648K
  class space    used 8353K, committed 9216K, reserved 1048576K
}
Event: 13099.213 GC heap before
{Heap before GC invocations=1302 (full 4):
 PSYoungGen      total 2560K, used 2464K [0x00000000d5580000, 0x00000000d5900000, 0x0000000100000000)
  eden space 1536K, 100% used [0x00000000d5580000,0x00000000d5700000,0x00000000d5700000)
  from space 1024K, 90% used [0x00000000d5700000,0x00000000d57e8000,0x00000000d5800000)
  to   space 1024K, 0% used [0x00000000d5800000,0x00000000d5800000,0x00000000d5900000)
 ParOldGen       total 1015296K, used 1015115K [0x0000000080000000, 0x00000000bdf80000, 0x00000000d5580000)
  object space 1015296K, 99% used [0x0000000080000000,0x00000000bdf52c28,0x00000000bdf80000)
 Metaspace       used 81816K, committed 83584K, reserved 1179648K
  class space    used 8353K, committed 9216K, reserved 1048576K
}
Event: 13099.217 GC heap after
{Heap after GC invocations=1302 (full 4):
 PSYoungGen      total 1536K, used 1007K [0x00000000d5580000, 0x00000000d5c80000, 0x0000000100000000)
  eden space 512K, 0% used [0x00000000d5580000,0x00000000d5580000,0x00000000d5600000)
  from space 1024K, 98% used [0x00000000d5800000,0x00000000d58fbd00,0x00000000d5900000)
  to   space 2048K, 0% used [0x00000000d5600000,0x00000000d5600000,0x00000000d5800000)
 ParOldGen       total 1016320K, used 1016291K [0x0000000080000000, 0x00000000be080000, 0x00000000d5580000)
  object space 1016320K, 99% used [0x0000000080000000,0x00000000be078c28,0x00000000be080000)
 Metaspace       used 81816K, committed 83584K, reserved 1179648K
  class space    used 8353K, committed 9216K, reserved 1048576K
}
Event: 13099.219 GC heap before
{Heap before GC invocations=1303 (full 4):
 PSYoungGen      total 1536K, used 1519K [0x00000000d5580000, 0x00000000d5c80000, 0x0000000100000000)
  eden space 512K, 100% used [0x00000000d5580000,0x00000000d5600000,0x00000000d5600000)
  from space 1024K, 98% used [0x00000000d5800000,0x00000000d58fbd00,0x00000000d5900000)
  to   space 2048K, 0% used [0x00000000d5600000,0x00000000d5600000,0x00000000d5800000)
 ParOldGen       total 1016320K, used 1016291K [0x0000000080000000, 0x00000000be080000, 0x00000000d5580000)
  object space 1016320K, 99% used [0x0000000080000000,0x00000000be078c28,0x00000000be080000)
 Metaspace       used 81816K, committed 83584K, reserved 1179648K
  class space    used 8353K, committed 9216K, reserved 1048576K
}
Event: 13099.223 GC heap after
{Heap after GC invocations=1303 (full 4):
 PSYoungGen      total 2560K, used 672K [0x00000000d5580000, 0x00000000d5980000, 0x0000000100000000)
  eden space 512K, 0% used [0x00000000d5580000,0x00000000d5580000,0x00000000d5600000)
  from space 2048K, 32% used [0x00000000d5600000,0x00000000d56a8000,0x00000000d5800000)
  to   space 1536K, 0% used [0x00000000d5800000,0x00000000d5800000,0x00000000d5980000)
 ParOldGen       total 1017856K, used 1017354K [0x0000000080000000, 0x00000000be200000, 0x00000000d5580000)
  object space 1017856K, 99% used [0x0000000080000000,0x00000000be182928,0x00000000be200000)
 Metaspace       used 81816K, committed 83584K, reserved 1179648K
  class space    used 8353K, committed 9216K, reserved 1048576K
}
Event: 13099.225 GC heap before
{Heap before GC invocations=1304 (full 4):
 PSYoungGen      total 2560K, used 1183K [0x00000000d5580000, 0x00000000d5980000, 0x0000000100000000)
  eden space 512K, 99% used [0x00000000d5580000,0x00000000d55fffd0,0x00000000d5600000)
  from space 2048K, 32% used [0x00000000d5600000,0x00000000d56a8000,0x00000000d5800000)
  to   space 1536K, 0% used [0x00000000d5800000,0x00000000d5800000,0x00000000d5980000)
 ParOldGen       total 1017856K, used 1017354K [0x0000000080000000, 0x00000000be200000, 0x00000000d5580000)
  object space 1017856K, 99% used [0x0000000080000000,0x00000000be182928,0x00000000be200000)
 Metaspace       used 81816K, committed 83584K, reserved 1179648K
  class space    used 8353K, committed 9216K, reserved 1048576K
}
Event: 13099.228 GC heap after
{Heap after GC invocations=1304 (full 4):
 PSYoungGen      total 2048K, used 704K [0x00000000d5580000, 0x00000000d5900000, 0x0000000100000000)
  eden space 1024K, 0% used [0x00000000d5580000,0x00000000d5580000,0x00000000d5680000)
  from space 1024K, 68% used [0x00000000d5800000,0x00000000d58b0000,0x00000000d5900000)
  to   space 1024K, 0% used [0x00000000d5700000,0x00000000d5700000,0x00000000d5800000)
 ParOldGen       total 1018368K, used 1017866K [0x0000000080000000, 0x00000000be280000, 0x00000000d5580000)
  object space 1018368K, 99% used [0x0000000080000000,0x00000000be202928,0x00000000be280000)
 Metaspace       used 81816K, committed 83584K, reserved 1179648K
  class space    used 8353K, committed 9216K, reserved 1048576K
}
Event: 13099.232 GC heap before
{Heap before GC invocations=1305 (full 4):
 PSYoungGen      total 2048K, used 1728K [0x00000000d5580000, 0x00000000d5900000, 0x0000000100000000)
  eden space 1024K, 100% used [0x00000000d5580000,0x00000000d5680000,0x00000000d5680000)
  from space 1024K, 68% used [0x00000000d5800000,0x00000000d58b0000,0x00000000d5900000)
  to   space 1024K, 0% used [0x00000000d5700000,0x00000000d5700000,0x00000000d5800000)
 ParOldGen       total 1018368K, used 1017866K [0x0000000080000000, 0x00000000be280000, 0x00000000d5580000)
  object space 1018368K, 99% used [0x0000000080000000,0x00000000be202928,0x00000000be280000)
 Metaspace       used 81816K, committed 83584K, reserved 1179648K
  class space    used 8353K, committed 9216K, reserved 1048576K
}
Event: 13099.234 GC heap after
{Heap after GC invocations=1305 (full 4):
 PSYoungGen      total 2560K, used 1024K [0x00000000d5580000, 0x00000000d5b00000, 0x0000000100000000)
  eden space 1536K, 0% used [0x00000000d5580000,0x00000000d5580000,0x00000000d5700000)
  from space 1024K, 100% used [0x00000000d5700000,0x00000000d5800000,0x00000000d5800000)
  to   space 2048K, 0% used [0x00000000d5900000,0x00000000d5900000,0x00000000d5b00000)
 ParOldGen       total 1018880K, used 1018402K [0x0000000080000000, 0x00000000be300000, 0x00000000d5580000)
  object space 1018880K, 99% used [0x0000000080000000,0x00000000be288928,0x00000000be300000)
 Metaspace       used 81816K, committed 83584K, reserved 1179648K
  class space    used 8353K, committed 9216K, reserved 1048576K
}
Event: 13099.243 GC heap before
{Heap before GC invocations=1306 (full 4):
 PSYoungGen      total 2560K, used 2559K [0x00000000d5580000, 0x00000000d5b00000, 0x0000000100000000)
  eden space 1536K, 99% used [0x00000000d5580000,0x00000000d56fffd0,0x00000000d5700000)
  from space 1024K, 100% used [0x00000000d5700000,0x00000000d5800000,0x00000000d5800000)
  to   space 2048K, 0% used [0x00000000d5900000,0x00000000d5900000,0x00000000d5b00000)
 ParOldGen       total 1018880K, used 1018402K [0x0000000080000000, 0x00000000be300000, 0x00000000d5580000)
  object space 1018880K, 99% used [0x0000000080000000,0x00000000be288928,0x00000000be300000)
 Metaspace       used 81816K, committed 83584K, reserved 1179648K
  class space    used 8353K, committed 9216K, reserved 1048576K
}
Event: 13099.246 GC heap after
{Heap after GC invocations=1306 (full 4):
 PSYoungGen      total 3072K, used 602K [0x00000000d5580000, 0x00000000d5a00000, 0x0000000100000000)
  eden space 2048K, 0% used [0x00000000d5580000,0x00000000d5580000,0x00000000d5780000)
  from space 1024K, 58% used [0x00000000d5900000,0x00000000d5996900,0x00000000d5a00000)
  to   space 1024K, 0% used [0x00000000d5800000,0x00000000d5800000,0x00000000d5900000)
 ParOldGen       total 1019904K, used 1019418K [0x0000000080000000, 0x00000000be400000, 0x00000000d5580000)
  object space 1019904K, 99% used [0x0000000080000000,0x00000000be386928,0x00000000be400000)
 Metaspace       used 81816K, committed 83584K, reserved 1179648K
  class space    used 8353K, committed 9216K, reserved 1048576K
}
Event: 13099.253 GC heap before
{Heap before GC invocations=1307 (full 4):
 PSYoungGen      total 3072K, used 2650K [0x00000000d5580000, 0x00000000d5a00000, 0x0000000100000000)
  eden space 2048K, 100% used [0x00000000d5580000,0x00000000d5780000,0x00000000d5780000)
  from space 1024K, 58% used [0x00000000d5900000,0x00000000d5996900,0x00000000d5a00000)
  to   space 1024K, 0% used [0x00000000d5800000,0x00000000d5800000,0x00000000d5900000)
 ParOldGen       total 1019904K, used 1019418K [0x0000000080000000, 0x00000000be400000, 0x00000000d5580000)
  object space 1019904K, 99% used [0x0000000080000000,0x00000000be386928,0x00000000be400000)
 Metaspace       used 81816K, committed 83584K, reserved 1179648K
  class space    used 8353K, committed 9216K, reserved 1048576K
}
Event: 13099.257 GC heap after
{Heap after GC invocations=1307 (full 4):
 PSYoungGen      total 3584K, used 1007K [0x00000000d5580000, 0x00000000d5e00000, 0x0000000100000000)
  eden space 2560K, 0% used [0x00000000d5580000,0x00000000d5580000,0x00000000d5800000)
  from space 1024K, 98% used [0x00000000d5800000,0x00000000d58fbd00,0x00000000d5900000)
  to   space 3072K, 0% used [0x00000000d5b00000,0x00000000d5b00000,0x00000000d5e00000)
 ParOldGen       total 1020928K, used 1020726K [0x0000000080000000, 0x00000000be500000, 0x00000000d5580000)
  object space 1020928K, 99% used [0x0000000080000000,0x00000000be4cdb28,0x00000000be500000)
 Metaspace       used 81816K, committed 83584K, reserved 1179648K
  class space    used 8353K, committed 9216K, reserved 1048576K
}
Event: 13099.266 GC heap before
{Heap before GC invocations=1308 (full 4):
 PSYoungGen      total 3584K, used 3441K [0x00000000d5580000, 0x00000000d5e00000, 0x0000000100000000)
  eden space 2560K, 95% used [0x00000000d5580000,0x00000000d57e0a98,0x00000000d5800000)
  from space 1024K, 98% used [0x00000000d5800000,0x00000000d58fbd00,0x00000000d5900000)
  to   space 3072K, 0% used [0x00000000d5b00000,0x00000000d5b00000,0x00000000d5e00000)
 ParOldGen       total 1020928K, used 1020726K [0x0000000080000000, 0x00000000be500000, 0x00000000d5580000)
  object space 1020928K, 99% used [0x0000000080000000,0x00000000be4cdb28,0x00000000be500000)
 Metaspace       used 81816K, committed 83584K, reserved 1179648K
  class space    used 8353K, committed 9216K, reserved 1048576K
}
Event: 13099.270 GC heap after
{Heap after GC invocations=1308 (full 4):
 PSYoungGen      total 5632K, used 2208K [0x00000000d5580000, 0x00000000d5d80000, 0x0000000100000000)
  eden space 3072K, 0% used [0x00000000d5580000,0x00000000d5580000,0x00000000d5880000)
  from space 2560K, 86% used [0x00000000d5b00000,0x00000000d5d28000,0x00000000d5d80000)
  to   space 2560K, 0% used [0x00000000d5880000,0x00000000d5880000,0x00000000d5b00000)
 ParOldGen       total 1021952K, used 1021774K [0x0000000080000000, 0x00000000be600000, 0x00000000d5580000)
  object space 1021952K, 99% used [0x0000000080000000,0x00000000be5d3828,0x00000000be600000)
 Metaspace       used 81816K, committed 83584K, reserved 1179648K
  class space    used 8353K, committed 9216K, reserved 1048576K
}
Event: 13099.279 GC heap before
{Heap before GC invocations=1309 (full 4):
 PSYoungGen      total 5632K, used 5280K [0x00000000d5580000, 0x00000000d5d80000, 0x0000000100000000)
  eden space 3072K, 100% used [0x00000000d5580000,0x00000000d5880000,0x00000000d5880000)
  from space 2560K, 86% used [0x00000000d5b00000,0x00000000d5d28000,0x00000000d5d80000)
  to   space 2560K, 0% used [0x00000000d5880000,0x00000000d5880000,0x00000000d5b00000)
 ParOldGen       total 1021952K, used 1021774K [0x0000000080000000, 0x00000000be600000, 0x00000000d5580000)
  object space 1021952K, 99% used [0x0000000080000000,0x00000000be5d3828,0x00000000be600000)
 Metaspace       used 81816K, committed 83584K, reserved 1179648K
  class space    used 8353K, committed 9216K, reserved 1048576K
}
Event: 13099.286 GC heap after
{Heap after GC invocations=1309 (full 4):
 PSYoungGen      total 5632K, used 2543K [0x00000000d5580000, 0x00000000d6580000, 0x0000000100000000)
  eden space 3072K, 0% used [0x00000000d5580000,0x00000000d5580000,0x00000000d5880000)
  from space 2560K, 99% used [0x00000000d5880000,0x00000000d5afbd00,0x00000000d5b00000)
  to   space 6144K, 0% used [0x00000000d5f80000,0x00000000d5f80000,0x00000000d6580000)
 ParOldGen       total 1024512K, used 1024390K [0x0000000080000000, 0x00000000be880000, 0x00000000d5580000)
  object space 1024512K, 99% used [0x0000000080000000,0x00000000be861828,0x00000000be880000)
 Metaspace       used 81816K, committed 83584K, reserved 1179648K
  class space    used 8353K, committed 9216K, reserved 1048576K
}

